Arguments: 
  /usr/local/bin/node /usr/local/bin/yarnpkg add --exact react react-dom react-scripts cra-template-typescrip

PATH: 
  /usr/local/sbin:/usr/local/bin:/usr/sbin:/usr/bin:/sbin:/bin

Yarn version: 
  1.22.0

Node version: 
  12.16.1

Platform: 
  linux x64

Trace: 
  Error: https://registry.yarnpkg.com/cra-template-typescrip: Not found
      at Request.params.callback [as _callback] (/opt/yarn-v1.22.0/lib/cli.js:66975:18)
      at Request.self.callback (/opt/yarn-v1.22.0/lib/cli.js:140727:22)
      at Request.emit (events.js:311:20)
      at Request.<anonymous> (/opt/yarn-v1.22.0/lib/cli.js:141699:10)
      at Request.emit (events.js:311:20)
      at IncomingMessage.<anonymous> (/opt/yarn-v1.22.0/lib/cli.js:141621:12)
      at Object.onceWrapper (events.js:417:28)
      at IncomingMessage.emit (events.js:323:22)
      at endReadableNT (_stream_readable.js:1204:12)
      at processTicksAndRejections (internal/process/task_queues.js:84:21)

npm manifest: 
  No manifest

yarn manifest: 
  No manifest

Lockfile: 
  No lockfile
